app/build/outputs/mapping/release/seeds.txt
com.britetodo.notesforandroid.data.models.Page$Companion
com.britetodo.notesforandroid.data.models.StickerItem$$serializer
com.britetodo.notesforandroid.di.TemplateRendererEntryPoint
com.britetodo.notesforandroid.MainActivity
com.britetodo.notesforandroid.data.models.Stroke$Companion
com.britetodo.notesforandroid.data.models.Page
com.britetodo.notesforandroid.data.models.TextNote$Companion
com.britetodo.notesforandroid.data.db.AppDatabase_Impl
com.britetodo.notesforandroid.NotesApp_GeneratedInjector
com.britetodo.notesforandroid.data.db.AppDatabase
com.britetodo.notesforandroid.data.models.DrawingPoint$Companion
com.britetodo.notesforandroid.data.models.NotebookKt
com.britetodo.notesforandroid.data.models.DrawingPoint
com.britetodo.notesforandroid.data.models.TextNote$$serializer
com.britetodo.notesforandroid.data.models.StickerItem
com.britetodo.notesforandroid.data.models.Stroke$$serializer
com.britetodo.notesforandroid.data.models.Notebook$Companion
com.britetodo.notesforandroid.data.models.TextNote
com.britetodo.notesforandroid.MainActivity_GeneratedInjector
com.britetodo.notesforandroid.data.models.Page$$serializer
com.britetodo.notesforandroid.data.models.DrawingPoint$$serializer
com.britetodo.notesforandroid.data.models.StickerCategory
com.britetodo.notesforandroid.data.models.Stroke
com.britetodo.notesforandroid.data.models.Notebook
com.britetodo.notesforandroid.data.models.StickerItem$Companion
com.britetodo.notesforandroid.data.models.Notebook$$serializer
com.britetodo.notesforandroid.NotesApp
com.britetodo.notesforandroid.data.models.StickerItem: int zIndex
com.britetodo.notesforandroid.data.models.DrawingPoint: int $stable
com.britetodo.notesforandroid.data.models.Page: int $stable
com.britetodo.notesforandroid.data.db.AppDatabase: com.britetodo.notesforandroid.data.db.AppDatabase$Companion Companion
com.britetodo.notesforandroid.data.models.Page: com.britetodo.notesforandroid.data.models.Page$Companion Companion
com.britetodo.notesforandroid.data.models.StickerItem: int $stable
com.britetodo.notesforandroid.data.models.StickerItem: float rotation
com.britetodo.notesforandroid.data.models.StickerItem: boolean isLocked
com.britetodo.notesforandroid.data.models.DrawingPoint$$serializer: com.britetodo.notesforandroid.data.models.DrawingPoint$$serializer INSTANCE
com.britetodo.notesforandroid.data.models.TextNote: float fontSize
com.britetodo.notesforandroid.data.models.TextNote: long createdAt
com.britetodo.notesforandroid.data.models.Page: java.lang.String notebookId
com.britetodo.notesforandroid.data.models.TextNote: java.lang.String text
com.britetodo.notesforandroid.data.models.StickerItem$$serializer: int $stable
com.britetodo.notesforandroid.data.models.TextNote: boolean isBold
com.britetodo.notesforandroid.data.models.Notebook: long createdAt
com.britetodo.notesforandroid.data.models.Page: java.lang.String thumbnailPath
com.britetodo.notesforandroid.data.models.TextNote: long colorArgb
com.britetodo.notesforandroid.data.models.StickerCategory: java.lang.String name
com.britetodo.notesforandroid.data.models.TextNote: boolean isItalic
com.britetodo.notesforandroid.data.models.DrawingPoint: float x
com.britetodo.notesforandroid.data.models.TextNote: boolean isUnderlined
com.britetodo.notesforandroid.data.models.TextNote: float xNorm
com.britetodo.notesforandroid.data.models.DrawingPoint: com.britetodo.notesforandroid.data.models.DrawingPoint$Companion Companion
com.britetodo.notesforandroid.data.models.StickerItem: float xNorm
com.britetodo.notesforandroid.data.models.StickerCategory: int $stable
com.britetodo.notesforandroid.data.models.TextNote: com.britetodo.notesforandroid.data.models.TextNote$Companion Companion
com.britetodo.notesforandroid.data.models.Stroke: kotlinx.serialization.KSerializer[] $childSerializers
com.britetodo.notesforandroid.data.models.StickerCategory: java.lang.String id
com.britetodo.notesforandroid.data.models.DrawingPoint$$serializer: int $stable
...
com.google.firebase.concurrent.SequentialExecutor$WorkerRunningState: com.google.firebase.concurrent.SequentialExecutor$WorkerRunningState IDLE
androidx.room.ForeignKey$Companion: int SET_DEFAULT
com.google.firebase.concurrent.CustomThreadFactory: java.util.concurrent.atomic.AtomicLong threadCount
com.google.firebase.remoteconfig.RemoteConfigComponent: com.google.firebase.FirebaseApp firebaseApp
com.google.android.gms.internal.measurement.zzfo$zza: com.google.android.gms.internal.measurement.zzfo$zza zzc
androidx.room.SharedSQLiteStatement$stmt$2: androidx.room.SharedSQLiteStatement this$0
com.google.firebase.installations.remote.TokenResult$ResponseCode: com.google.firebase.installations.remote.TokenResult$ResponseCode AUTH_ERROR
com.google.android.gms.internal.measurement.zzfy$zzm: com.google.android.gms.internal.measurement.zzjz zzf
com.google.android.gms.internal.measurement.zzfy$zzk: int zze
com.google.firebase.remoteconfig.internal.ConfigFetchHttpClient: java.lang.String ISO_DATE_PATTERN
com.android.billingclient.api.BillingFlowParams$SubscriptionUpdateParams$ReplacementMode: int DEFERRED
androidx.room.CoroutinesRoom$Companion$createFlow$1$1$1: kotlinx.coroutines.channels.Channel $resultChannel
androidx.room.RoomSQLiteQuery: int LONG
com.google.android.gms.internal.play_billing.zzhk: com.google.android.gms.internal.play_billing.zzjk zzc
com.google.firebase.remoteconfig.internal.Code: int NOT_FOUND
com.google.firebase.installations.interop.R$attr: int fontProviderAuthority
com.google.firebase.FirebaseKt$coroutineDispatcher$1: com.google.firebase.FirebaseKt$coroutineDispatcher$1 INSTANCE
androidx.room.util.TableInfo$ForeignKeyWithSequence: java.lang.String to
com.google.android.gms.internal.measurement.zzfy$zzg: com.google.android.gms.internal.measurement.zzfy$zzg zzc
androidx.room.AutoClosingRoomOpenHelper$AutoClosingSupportSQLiteDatabase$execSQL$1: java.lang.String $sql
androidx.room.SQLiteCopyOpenHelper: android.content.Context context
androidx.room.RoomDatabase$Builder: android.content.Intent multiInstanceInvalidationIntent
com.google.firebase.components.ComponentRuntime: java.util.Map components
com.google.firebase.encoders.json.JsonDataEncoderBuilder: java.util.Map valueEncoders
androidx.room.AutoClosingRoomOpenHelper$AutoClosingSupportSQLiteDatabase$setMaxSqlCacheSize$1: int $cacheSize
com.android.billingclient.api.BillingClientImpl: com.android.billingclient.api.zzch zzg
com.google.firebase.analytics.FirebaseAnalytics$Param: java.lang.String CREATIVE_NAME
com.google.firebase.remoteconfig.internal.ConfigContainer$Builder: org.json.JSONObject builderPersonalizationMetadata
kotlinx.serialization.json.JsonPrimitive: kotlinx.serialization.json.JsonPrimitive$Companion Companion
com.google.android.gms.internal.measurement.zzfr$zzd: com.google.android.gms.internal.measurement.zzkc zzj
com.google.firebase.analytics.ktx.AnalyticsKt: com.google.firebase.analytics.FirebaseAnalytics zza
com.android.billingclient.api.ConsumeParams: java.lang.String zza
com.google.android.gms.internal.measurement.zzfy$zzh: com.google.android.gms.internal.measurement.zzfy$zzh zzc
com.google.firebase.abt.R$id: int accessibility_custom_action_3
androidx.room.FtsOptions$Order: androidx.room.FtsOptions$Order[] $VALUES
androidx.room.AmbiguousColumnResolver$Solution: androidx.room.AmbiguousColumnResolver$Solution$Companion Companion
com.android.billingclient.api.ProductDetails$SubscriptionOfferDetails: java.lang.String zzc
androidx.activity.ComponentActivity: androidx.activity.ComponentActivity$ReportFullyDrawnExecutor reportFullyDrawnExecutor
com.android.billingclient.api.ProductDetails$OneTimePurchaseOfferDetails: java.lang.String zzd
kotlinx.coroutines.EventLoopImplBase: java.lang.Object _queue$volatile
com.google.android.gms.internal.play_billing.zzlh: com.google.android.gms.internal.play_billing.zzlh zzb
com.google.android.gms.internal.measurement.zzfo$zze: com.google.android.gms.internal.measurement.zzfo$zzc zzh